[ 2016-10-21T10:53:51+08:00 ] 127.0.0.1 /blog/admin
INFO: [ app_init ] --START--
INFO: Run Behavior\BuildLiteBehavior [ RunTime:0.000000s ]
INFO: [ app_init ] --END-- [ RunTime:0.001000s ]
INFO: [ app_begin ] --START--
INFO: Run Behavior\ReadHtmlCacheBehavior [ RunTime:0.000000s ]
INFO: [ app_begin ] --END-- [ RunTime:0.000000s ]

[ 2016-10-21T10:53:51+08:00 ] 127.0.0.1 /blog/index.php/Admin/login/index.html
INFO: [ app_init ] --START--
INFO: Run Behavior\BuildLiteBehavior [ RunTime:0.000000s ]
INFO: [ app_init ] --END-- [ RunTime:0.000000s ]
INFO: [ app_begin ] --START--
INFO: Run Behavior\ReadHtmlCacheBehavior [ RunTime:0.001000s ]
INFO: [ app_begin ] --END-- [ RunTime:0.001000s ]
INFO: [ view_parse ] --START--
INFO: [ template_filter ] --START--
INFO: Run Behavior\ContentReplaceBehavior [ RunTime:0.000000s ]
INFO: [ template_filter ] --END-- [ RunTime:0.000000s ]
INFO: Run Behavior\ParseTemplateBehavior [ RunTime:0.006000s ]
INFO: [ view_parse ] --END-- [ RunTime:0.006000s ]
INFO: [ view_filter ] --START--
INFO: Run Behavior\WriteHtmlCacheBehavior [ RunTime:0.000000s ]
INFO: [ view_filter ] --END-- [ RunTime:0.000000s ]
INFO: [ app_end ] --START--
INFO: Run Behavior\ShowPageTraceBehavior [ RunTime:0.001000s ]
INFO: [ app_end ] --END-- [ RunTime:0.001000s ]

[ 2016-10-21T10:53:59+08:00 ] 127.0.0.1 /blog/index.php/Admin/login/index.html
INFO: [ app_init ] --START--
INFO: Run Behavior\BuildLiteBehavior [ RunTime:0.000000s ]
INFO: [ app_init ] --END-- [ RunTime:0.002000s ]
INFO: [ app_begin ] --START--
INFO: Run Behavior\ReadHtmlCacheBehavior [ RunTime:0.000000s ]
INFO: [ app_begin ] --END-- [ RunTime:0.000000s ]
SQL: SHOW COLUMNS FROM `user` [ RunTime:0.0050s ]
NOTIC: [2] Missing argument 2 for Admin\Model\BlogModel::getInfoByName(), called in D:\wampstack\apache2\htdocs\blog\Application\Admin\Controller\LoginController.class.php on line 13 and defined D:\wampstack\apache2\htdocs\blog\Application\Admin\Model\BlogModel.class.php 第 11 行.
SQL: SELECT * FROM `user` WHERE ( username ='root' )  [ RunTime:0.0010s ]

[ 2016-10-21T10:53:59+08:00 ] 127.0.0.1 /blog/index.php/Admin/index/index.html
INFO: [ app_init ] --START--
INFO: Run Behavior\BuildLiteBehavior [ RunTime:0.000000s ]
INFO: [ app_init ] --END-- [ RunTime:0.000000s ]
INFO: [ app_begin ] --START--
INFO: Run Behavior\ReadHtmlCacheBehavior [ RunTime:0.001000s ]
INFO: [ app_begin ] --END-- [ RunTime:0.001000s ]
SQL: SHOW COLUMNS FROM `user` [ RunTime:0.0050s ]
ERR: 1146:Table 'blog.introduce' doesn't exist
 [ SQL语句 ] : SHOW COLUMNS FROM `introduce`
ERR: 1146:Table 'blog.introduce' doesn't exist
 [ SQL语句 ] : SHOW COLUMNS FROM `introduce`

[ 2016-10-21T10:56:05+08:00 ] 127.0.0.1 /blog/index.php/Admin/index/index.html
INFO: [ app_init ] --START--
INFO: Run Behavior\BuildLiteBehavior [ RunTime:0.000000s ]
INFO: [ app_init ] --END-- [ RunTime:0.001000s ]
INFO: [ app_begin ] --START--
INFO: Run Behavior\ReadHtmlCacheBehavior [ RunTime:0.001000s ]
INFO: [ app_begin ] --END-- [ RunTime:0.001000s ]
SQL: SHOW COLUMNS FROM `user` [ RunTime:0.0060s ]
SQL: SHOW COLUMNS FROM `diary` [ RunTime:0.0060s ]
SQL: SELECT COUNT(*) AS tp_count FROM `diary` LIMIT 1   [ RunTime:0.0140s ]
SQL: SHOW COLUMNS FROM `diary` [ RunTime:0.0070s ]
SQL: SELECT * FROM `diary` LIMIT 0,9   [ RunTime:0.0000s ]
INFO: [ view_parse ] --START--
INFO: [ template_filter ] --START--
INFO: Run Behavior\ContentReplaceBehavior [ RunTime:0.001000s ]
INFO: [ template_filter ] --END-- [ RunTime:0.001000s ]
NOTIC: [8] Undefined variable: head D:\wampstack\apache2\htdocs\blog\Application\Runtime\Cache\Admin\c9562aba4074802959d8f293d7f20592.php 第 132 行.
NOTIC: [8] Undefined variable: name D:\wampstack\apache2\htdocs\blog\Application\Runtime\Cache\Admin\c9562aba4074802959d8f293d7f20592.php 第 135 行.
NOTIC: [8] Undefined variable: agender D:\wampstack\apache2\htdocs\blog\Application\Runtime\Cache\Admin\c9562aba4074802959d8f293d7f20592.php 第 138 行.
NOTIC: [8] Undefined variable: birth D:\wampstack\apache2\htdocs\blog\Application\Runtime\Cache\Admin\c9562aba4074802959d8f293d7f20592.php 第 139 行.
NOTIC: [8] Undefined variable: star D:\wampstack\apache2\htdocs\blog\Application\Runtime\Cache\Admin\c9562aba4074802959d8f293d7f20592.php 第 140 行.
NOTIC: [8] Undefined variable: add D:\wampstack\apache2\htdocs\blog\Application\Runtime\Cache\Admin\c9562aba4074802959d8f293d7f20592.php 第 141 行.
NOTIC: [8] Undefined variable: motto D:\wampstack\apache2\htdocs\blog\Application\Runtime\Cache\Admin\c9562aba4074802959d8f293d7f20592.php 第 142 行.
NOTIC: [8] Undefined variable: back D:\wampstack\apache2\htdocs\blog\Application\Runtime\Cache\Admin\c9562aba4074802959d8f293d7f20592.php 第 150 行.
INFO: Run Behavior\ParseTemplateBehavior [ RunTime:0.012000s ]
INFO: [ view_parse ] --END-- [ RunTime:0.012000s ]
INFO: [ view_filter ] --START--
INFO: Run Behavior\WriteHtmlCacheBehavior [ RunTime:0.002001s ]
INFO: [ view_filter ] --END-- [ RunTime:0.002001s ]
INFO: [ app_end ] --START--
INFO: Run Behavior\ShowPageTraceBehavior [ RunTime:0.000000s ]
INFO: [ app_end ] --END-- [ RunTime:0.000000s ]

[ 2016-10-21T10:56:17+08:00 ] 127.0.0.1 /blog/index.php/Admin/diary/diary.html?id=1
INFO: [ app_init ] --START--
INFO: Run Behavior\BuildLiteBehavior [ RunTime:0.000000s ]
INFO: [ app_init ] --END-- [ RunTime:0.000000s ]
INFO: [ app_begin ] --START--
INFO: Run Behavior\ReadHtmlCacheBehavior [ RunTime:0.001000s ]
INFO: [ app_begin ] --END-- [ RunTime:0.001000s ]
SQL: SHOW COLUMNS FROM `user` [ RunTime:0.0060s ]
SQL: SHOW COLUMNS FROM `diary` [ RunTime:0.0120s ]
SQL: SELECT * FROM `diary` WHERE ( d_id = 1 )  [ RunTime:0.0010s ]
NOTIC: [2] Missing argument 1 for Think\Controller::show(), called in D:\wampstack\apache2\htdocs\blog\Application\Admin\Controller\DiaryController.class.php on line 23 and defined D:\wampstack\apache2\htdocs\blog\ThinkPHP\Library\Think\Controller.class.php 第 68 行.
NOTIC: [8] Undefined variable: content D:\wampstack\apache2\htdocs\blog\ThinkPHP\Library\Think\Controller.class.php 第 69 行.
INFO: [ view_parse ] --START--
INFO: [ template_filter ] --START--
INFO: Run Behavior\ContentReplaceBehavior [ RunTime:0.001000s ]
INFO: [ template_filter ] --END-- [ RunTime:0.001000s ]
INFO: Run Behavior\ParseTemplateBehavior [ RunTime:0.007000s ]
INFO: [ view_parse ] --END-- [ RunTime:0.007000s ]
INFO: [ view_filter ] --START--
INFO: Run Behavior\WriteHtmlCacheBehavior [ RunTime:0.001000s ]
INFO: [ view_filter ] --END-- [ RunTime:0.001000s ]
INFO: [ app_end ] --START--
INFO: Run Behavior\ShowPageTraceBehavior [ RunTime:0.001000s ]
INFO: [ app_end ] --END-- [ RunTime:0.001000s ]

[ 2016-10-21T10:59:52+08:00 ] 127.0.0.1 /blog/index.php/Admin/login/index.html
INFO: [ app_init ] --START--
INFO: Run Behavior\BuildLiteBehavior [ RunTime:0.000000s ]
INFO: [ app_init ] --END-- [ RunTime:0.001000s ]
INFO: [ app_begin ] --START--
INFO: Run Behavior\ReadHtmlCacheBehavior [ RunTime:0.001000s ]
INFO: [ app_begin ] --END-- [ RunTime:0.001000s ]
INFO: [ view_parse ] --START--
INFO: [ template_filter ] --START--
INFO: Run Behavior\ContentReplaceBehavior [ RunTime:0.000000s ]
INFO: [ template_filter ] --END-- [ RunTime:0.000000s ]
INFO: Run Behavior\ParseTemplateBehavior [ RunTime:0.007000s ]
INFO: [ view_parse ] --END-- [ RunTime:0.007000s ]
INFO: [ view_filter ] --START--
INFO: Run Behavior\WriteHtmlCacheBehavior [ RunTime:0.000000s ]
INFO: [ view_filter ] --END-- [ RunTime:0.000000s ]
INFO: [ app_end ] --START--
INFO: Run Behavior\ShowPageTraceBehavior [ RunTime:0.001000s ]
INFO: [ app_end ] --END-- [ RunTime:0.001000s ]

