[ 2016-10-21T10:52:31+08:00 ] 127.0.0.1 /blog/index
INFO: [ app_init ] --START--
INFO: Run Behavior\BuildLiteBehavior [ RunTime:0.000000s ]
INFO: [ app_init ] --END-- [ RunTime:0.016001s ]
INFO: [ app_begin ] --START--
INFO: Run Behavior\ReadHtmlCacheBehavior [ RunTime:0.003001s ]
INFO: [ app_begin ] --END-- [ RunTime:0.003001s ]
ERR: SQLSTATE[HY000] [1045] Access denied for user 'root'@'localhost' (using password: YES)

[ 2016-10-21T10:53:16+08:00 ] 127.0.0.1 /blog/index
INFO: [ app_init ] --START--
INFO: Run Behavior\BuildLiteBehavior [ RunTime:0.000000s ]
INFO: [ app_init ] --END-- [ RunTime:0.001000s ]
INFO: [ app_begin ] --START--
INFO: Run Behavior\ReadHtmlCacheBehavior [ RunTime:0.000000s ]
INFO: [ app_begin ] --END-- [ RunTime:0.000000s ]
SQL: SHOW COLUMNS FROM `bloglist` [ RunTime:0.0420s ]
SQL: SELECT * FROM `bloglist`  [ RunTime:0.0180s ]
NOTIC: [2] Missing argument 1 for Think\Controller::show(), called in D:\wampstack\apache2\htdocs\blog\Application\Index\Controller\IndexController.class.php on line 19 and defined D:\wampstack\apache2\htdocs\blog\ThinkPHP\Library\Think\Controller.class.php 第 68 行.
NOTIC: [8] Undefined variable: content D:\wampstack\apache2\htdocs\blog\ThinkPHP\Library\Think\Controller.class.php 第 69 行.
INFO: [ view_parse ] --START--
INFO: [ template_filter ] --START--
INFO: Run Behavior\ContentReplaceBehavior [ RunTime:0.042002s ]
INFO: [ template_filter ] --END-- [ RunTime:0.042002s ]
NOTIC: [8] Use of undefined constant artid - assumed 'artid' D:\wampstack\apache2\htdocs\blog\Application\Runtime\Cache\Index\7ef55d83d927c1451148230be9910197.php 第 164 行.
NOTIC: [8] Use of undefined constant artid - assumed 'artid' D:\wampstack\apache2\htdocs\blog\Application\Runtime\Cache\Index\7ef55d83d927c1451148230be9910197.php 第 164 行.
NOTIC: [8] Use of undefined constant artid - assumed 'artid' D:\wampstack\apache2\htdocs\blog\Application\Runtime\Cache\Index\7ef55d83d927c1451148230be9910197.php 第 164 行.
INFO: Run Behavior\ParseTemplateBehavior [ RunTime:0.125007s ]
INFO: [ view_parse ] --END-- [ RunTime:0.125007s ]
INFO: [ view_filter ] --START--
INFO: Run Behavior\WriteHtmlCacheBehavior [ RunTime:0.000000s ]
INFO: [ view_filter ] --END-- [ RunTime:0.000000s ]
INFO: [ app_end ] --START--
INFO: Run Behavior\ShowPageTraceBehavior [ RunTime:0.145008s ]
INFO: [ app_end ] --END-- [ RunTime:0.145008s ]

[ 2016-10-21T10:53:36+08:00 ] 127.0.0.1 /blog/index
INFO: [ app_init ] --START--
INFO: Run Behavior\BuildLiteBehavior [ RunTime:0.000000s ]
INFO: [ app_init ] --END-- [ RunTime:0.000000s ]
INFO: [ app_begin ] --START--
INFO: Run Behavior\ReadHtmlCacheBehavior [ RunTime:0.002000s ]
INFO: [ app_begin ] --END-- [ RunTime:0.002000s ]
SQL: SHOW COLUMNS FROM `bloglist` [ RunTime:0.0070s ]
SQL: SELECT * FROM `bloglist`  [ RunTime:0.0020s ]
NOTIC: [2] Missing argument 1 for Think\Controller::show(), called in D:\wampstack\apache2\htdocs\blog\Application\Index\Controller\IndexController.class.php on line 19 and defined D:\wampstack\apache2\htdocs\blog\ThinkPHP\Library\Think\Controller.class.php 第 68 行.
NOTIC: [8] Undefined variable: content D:\wampstack\apache2\htdocs\blog\ThinkPHP\Library\Think\Controller.class.php 第 69 行.
INFO: [ view_parse ] --START--
INFO: [ template_filter ] --START--
INFO: Run Behavior\ContentReplaceBehavior [ RunTime:0.000000s ]
INFO: [ template_filter ] --END-- [ RunTime:0.000000s ]
NOTIC: [8] Use of undefined constant artid - assumed 'artid' D:\wampstack\apache2\htdocs\blog\Application\Runtime\Cache\Index\7ef55d83d927c1451148230be9910197.php 第 164 行.
NOTIC: [8] Use of undefined constant artid - assumed 'artid' D:\wampstack\apache2\htdocs\blog\Application\Runtime\Cache\Index\7ef55d83d927c1451148230be9910197.php 第 164 行.
NOTIC: [8] Use of undefined constant artid - assumed 'artid' D:\wampstack\apache2\htdocs\blog\Application\Runtime\Cache\Index\7ef55d83d927c1451148230be9910197.php 第 164 行.
INFO: Run Behavior\ParseTemplateBehavior [ RunTime:0.009001s ]
INFO: [ view_parse ] --END-- [ RunTime:0.009001s ]
INFO: [ view_filter ] --START--
INFO: Run Behavior\WriteHtmlCacheBehavior [ RunTime:0.001000s ]
INFO: [ view_filter ] --END-- [ RunTime:0.001000s ]
INFO: [ app_end ] --START--
INFO: Run Behavior\ShowPageTraceBehavior [ RunTime:0.004000s ]
INFO: [ app_end ] --END-- [ RunTime:0.004000s ]

[ 2016-10-21T11:00:03+08:00 ] 127.0.0.1 /blog/index.php/index/index/index.html
INFO: [ app_init ] --START--
INFO: Run Behavior\BuildLiteBehavior [ RunTime:0.001000s ]
INFO: [ app_init ] --END-- [ RunTime:0.001000s ]
INFO: [ app_begin ] --START--
INFO: Run Behavior\ReadHtmlCacheBehavior [ RunTime:0.001000s ]
INFO: [ app_begin ] --END-- [ RunTime:0.001000s ]
SQL: SHOW COLUMNS FROM `bloglist` [ RunTime:0.0050s ]
SQL: SELECT * FROM `bloglist`  [ RunTime:0.0010s ]
NOTIC: [2] Missing argument 1 for Think\Controller::show(), called in D:\wampstack\apache2\htdocs\blog\Application\Index\Controller\IndexController.class.php on line 19 and defined D:\wampstack\apache2\htdocs\blog\ThinkPHP\Library\Think\Controller.class.php 第 68 行.
NOTIC: [8] Undefined variable: content D:\wampstack\apache2\htdocs\blog\ThinkPHP\Library\Think\Controller.class.php 第 69 行.
INFO: [ view_parse ] --START--
INFO: [ template_filter ] --START--
INFO: Run Behavior\ContentReplaceBehavior [ RunTime:0.001000s ]
INFO: [ template_filter ] --END-- [ RunTime:0.001000s ]
NOTIC: [8] Use of undefined constant artid - assumed 'artid' D:\wampstack\apache2\htdocs\blog\Application\Runtime\Cache\Index\7ef55d83d927c1451148230be9910197.php 第 164 行.
NOTIC: [8] Use of undefined constant artid - assumed 'artid' D:\wampstack\apache2\htdocs\blog\Application\Runtime\Cache\Index\7ef55d83d927c1451148230be9910197.php 第 164 行.
NOTIC: [8] Use of undefined constant artid - assumed 'artid' D:\wampstack\apache2\htdocs\blog\Application\Runtime\Cache\Index\7ef55d83d927c1451148230be9910197.php 第 164 行.
INFO: Run Behavior\ParseTemplateBehavior [ RunTime:0.012001s ]
INFO: [ view_parse ] --END-- [ RunTime:0.012001s ]
INFO: [ view_filter ] --START--
INFO: Run Behavior\WriteHtmlCacheBehavior [ RunTime:0.001000s ]
INFO: [ view_filter ] --END-- [ RunTime:0.001000s ]
INFO: [ app_end ] --START--
INFO: Run Behavior\ShowPageTraceBehavior [ RunTime:0.000000s ]
INFO: [ app_end ] --END-- [ RunTime:0.000000s ]

